
ROM used: 342 (67%)
          342 (67%) including unused fragments

          3 Average locations per line
          43 Average locations per statement

RAM used: 4 (17%) at main() level
          6 (25%) worst case

Stack used: 1 worst case (out of 2 total available)

Lines Stmts  %   Files
----- ----- ---  -----
   20     8 100  gps.c
   10     0   0  gps.h
   97     0   0  C:\Program Files\PICC\devices\10F202.h
----- -----
  127     8 Total

Page ROM  %  RAM   Vol Diff  Functions:
---- --- --- ---   --- ----  ----------
0     18   5   1             @delay_ms1
0     34  10   2             @PUTCHAR_1_
0     60  18   1   143  2.1  main
0     72  21   0             @const47
0     44  13   0             @const48
0     69  20   0             @const49
0     45  13   0             @const50

Program metrics:
    Functions               1
    Statements              8
    Comments                31
    Volume (V)              154
    Difficilty (D)          1.5
    Effort to implement (E) 234
    Time to implement (T)   0 minutes
    Est Delivered Bugs (B)  0
    Cyclomatic Complexity   1
    Maintainability (MI)    147

 Segment     Used  Free
-----------  ----  ----
00000-001FF   342  162  



